[14268:8884:0619/214304.142:INFO:components\enterprise\browser\controller\chrome_browser_cloud_management_controller.cc:202] No machine level policy manager exists.
[932:13584:0619/214304.222:ERROR:gpu\ipc\service\gpu_channel_manager.cc:946] Failed to create GLES3 context, fallback to GLES2.
[932:13584:0619/214304.223:ERROR:gpu\ipc\service\gpu_channel_manager.cc:957] ContextResult::kFatalFailure: Failed to create shared context for virtualization.
[932:13584:0619/214304.300:ERROR:gpu\ipc\service\gpu_channel_manager.cc:946] Failed to create GLES3 context, fallback to GLES2.
[932:13584:0619/214304.309:ERROR:gpu\ipc\service\gpu_channel_manager.cc:957] ContextResult::kFatalFailure: Failed to create shared context for virtualization.
[932:13584:0619/214304.309:ERROR:gpu\ipc\service\gpu_channel_manager.cc:946] Failed to create GLES3 context, fallback to GLES2.
[932:13584:0619/214304.310:ERROR:gpu\ipc\service\gpu_channel_manager.cc:957] ContextResult::kFatalFailure: Failed to create shared context for virtualization.
[14268:8884:0619/214305.168:INFO:CONSOLE:0] "The Content-Security-Policy directive name '&quot' contains one or more invalid characters. Only ASCII alphanumeric characters or dashes '-' are allowed in directive names.", source: https://novoapisullog.apisul.com.br/Login (0)
[14268:8884:0619/214305.269:INFO:CONSOLE:0] "[DOM] Input elements should have autocomplete attributes (suggested: "current-password"): (More info: https://goo.gl/9p2vKq) %o", source: https://novoapisullog.apisul.com.br/Login (0)
[14268:8884:0619/214305.435:INFO:CONSOLE:0] "Failed to decode downloaded font: https://novoapisullog.apisul.com.br/Acesso/Login/fonts/klavikach-bold-webfont.html", source: https://novoapisullog.apisul.com.br/Login (0)
[14268:8884:0619/214305.435:INFO:CONSOLE:0] "OTS parsing error: invalid sfntVersion: 1008813135", source: https://novoapisullog.apisul.com.br/Login (0)
[14268:8884:0619/214305.600:INFO:CONSOLE:0] "Failed to decode downloaded font: https://novoapisullog.apisul.com.br/Acesso/Login/fonts/klavikach-bold-webfont-2.html", source: https://novoapisullog.apisul.com.br/Login (0)
[14268:8884:0619/214305.600:INFO:CONSOLE:0] "OTS parsing error: invalid sfntVersion: 1008813135", source: https://novoapisullog.apisul.com.br/Login (0)
[14268:8884:0619/214305.704:INFO:CONSOLE:0] "Failed to decode downloaded font: https://novoapisullog.apisul.com.br/Acesso/Login/fonts/klavikach-light-webfont.html", source: https://novoapisullog.apisul.com.br/Login (0)
[14268:8884:0619/214305.704:INFO:CONSOLE:0] "OTS parsing error: invalid sfntVersion: 1008813135", source: https://novoapisullog.apisul.com.br/Login (0)
[14268:8884:0619/214305.864:INFO:CONSOLE:0] "Failed to decode downloaded font: https://novoapisullog.apisul.com.br/Acesso/Login/fonts/klavikach-light-webfont-2.html", source: https://novoapisullog.apisul.com.br/Login (0)
[14268:8884:0619/214305.864:INFO:CONSOLE:0] "OTS parsing error: invalid sfntVersion: 1008813135", source: https://novoapisullog.apisul.com.br/Login (0)
[14268:8884:0619/214305.871:INFO:CONSOLE:57] "Listener added for a 'DOMNodeInserted' mutation event. Support for this event type has been removed, and this event will no longer be fired. See https://chromestatus.com/feature/5083947249172480 for more information.", source: https://novoapisullog.apisul.com.br/Acesso/Login/jquery.main.js (57)
[14268:8884:0619/214305.871:INFO:CONSOLE:57] "Listener added for a 'DOMNodeRemoved' mutation event. Support for this event type has been removed, and this event will no longer be fired. See https://chromestatus.com/feature/5083947249172480 for more information.", source: https://novoapisullog.apisul.com.br/Acesso/Login/jquery.main.js (57)
[14268:8884:0619/214307.044:INFO:CONSOLE:0] "The Content-Security-Policy directive name '&quot' contains one or more invalid characters. Only ASCII alphanumeric characters or dashes '-' are allowed in directive names.", source: https://novoapisullog.apisul.com.br/TermosDeUso (0)
[14268:8884:0619/214307.051:INFO:CONSOLE:0] "The Content-Security-Policy directive name '&quot' contains one or more invalid characters. Only ASCII alphanumeric characters or dashes '-' are allowed in directive names.", source: about:blank (0)
[14268:8884:0619/214308.948:INFO:CONSOLE:0] "The Content-Security-Policy directive name '&quot' contains one or more invalid characters. Only ASCII alphanumeric characters or dashes '-' are allowed in directive names.", source: https://novoapisullog.apisul.com.br/SMP/0 (0)
[8008:16864:0619/214329.984:WARNING:net\extras\sqlite\sqlite_persistent_store_backend_base.cc:176] Failed to post task from FlushAndNotifyInBackground@net\extras\sqlite\sqlite_persistent_store_backend_base.cc:226 to client_task_runner_.
[8008:16864:0619/214329.984:WARNING:net\extras\sqlite\sqlite_persistent_store_backend_base.cc:176] Failed to post task from FlushAndNotifyInBackground@net\extras\sqlite\sqlite_persistent_store_backend_base.cc:226 to client_task_runner_.
